[35m[1mConsolidate compiler generated dependencies of target publisher_cpp[0m
[ 25%] Built target subscriber_cpp
[ 50%] Built target node_cpp
[ 62%] [32mBuilding CXX object CMakeFiles/publisher_cpp.dir/src/publisher_cpp.cpp.o[0m
[ 87%] Built target server_cpp
[01m[K/home/fra/ros2_ws/src/cpp_pkg/src/publisher_cpp.cpp:[m[K In constructor â€˜[01m[KNumberPublisher::NumberPublisher()[m[Kâ€™:
[01m[K/home/fra/ros2_ws/src/cpp_pkg/src/publisher_cpp.cpp:8:5:[m[K [01;31m[Kerror: [m[Kexpected identifier before â€˜[01m[K{[m[Kâ€™ token
    8 |     [01;31m[K{[m[K
      |     [01;31m[K^[m[K
[01m[K/home/fra/ros2_ws/src/cpp_pkg/src/publisher_cpp.cpp:13:9:[m[K [01;31m[Kerror: [m[Kexpected â€˜[01m[K,[m[Kâ€™ or â€˜[01m[K;[m[Kâ€™ before â€˜[01m[Kpublisher_[m[Kâ€™
   13 |         [01;31m[Kpublisher_[m[K = this->create_publisher<std_msgs::msg::Int64>("number", 10);
      |         [01;31m[K^~~~~~~~~~[m[K
[01m[K/home/fra/ros2_ws/src/cpp_pkg/src/publisher_cpp.cpp:14:136:[m[K [01;31m[Kerror: [m[Kâ€˜[01m[KpublishNumber[m[Kâ€™ is not a member of â€˜[01m[KNumberPublisher[m[Kâ€™
   14 |         number_timer_ = this->create_wall_timer(std::chrono::milliseconds((int)(1000/publish_frequency_)), std::bind(&NumberPublisher::[01;31m[KpublishNumber[m[K, this));
      |                                                                                                                                        [01;31m[K^~~~~~~~~~~~~[m[K
gmake[2]: *** [CMakeFiles/publisher_cpp.dir/build.make:76: CMakeFiles/publisher_cpp.dir/src/publisher_cpp.cpp.o] Error 1
gmake[1]: *** [CMakeFiles/Makefile2:169: CMakeFiles/publisher_cpp.dir/all] Error 2
gmake: *** [Makefile:146: all] Error 2
