[0.025s] Invoking command in '/home/fra/ros2_ws/build/cpp_pkg': CMAKE_PREFIX_PATH=/home/fra/ros2_ws/install/custom_interface:/home/fra/ros2_ws/install/cpp_pkg:/home/fra/ros2_ws/install/python_pkg:/opt/ros/humble /usr/bin/cmake --build /home/fra/ros2_ws/build/cpp_pkg -- -j12 -l12
[0.113s] [35m[1mConsolidate compiler generated dependencies of target publisher_cpp[0m
[0.117s] [ 25%] Built target subscriber_cpp
[0.124s] [ 50%] Built target node_cpp
[0.148s] [ 62%] [32mBuilding CXX object CMakeFiles/publisher_cpp.dir/src/publisher_cpp.cpp.o[0m
[0.152s] [ 87%] Built target server_cpp
[3.316s] [01m[K/home/fra/ros2_ws/src/cpp_pkg/src/publisher_cpp.cpp:[m[K In constructor â€˜[01m[KNumberPublisher::NumberPublisher()[m[Kâ€™:
[3.316s] [01m[K/home/fra/ros2_ws/src/cpp_pkg/src/publisher_cpp.cpp:8:5:[m[K [01;31m[Kerror: [m[Kexpected identifier before â€˜[01m[K{[m[Kâ€™ token
[3.316s]     8 |     [01;31m[K{[m[K
[3.316s]       |     [01;31m[K^[m[K
[3.319s] [01m[K/home/fra/ros2_ws/src/cpp_pkg/src/publisher_cpp.cpp:13:9:[m[K [01;31m[Kerror: [m[Kexpected â€˜[01m[K,[m[Kâ€™ or â€˜[01m[K;[m[Kâ€™ before â€˜[01m[Kpublisher_[m[Kâ€™
[3.319s]    13 |         [01;31m[Kpublisher_[m[K = this->create_publisher<std_msgs::msg::Int64>("number", 10);
[3.319s]       |         [01;31m[K^~~~~~~~~~[m[K
[3.321s] [01m[K/home/fra/ros2_ws/src/cpp_pkg/src/publisher_cpp.cpp:14:136:[m[K [01;31m[Kerror: [m[Kâ€˜[01m[KpublishNumber[m[Kâ€™ is not a member of â€˜[01m[KNumberPublisher[m[Kâ€™
[3.321s]    14 |         number_timer_ = this->create_wall_timer(std::chrono::milliseconds((int)(1000/publish_frequency_)), std::bind(&NumberPublisher::[01;31m[KpublishNumber[m[K, this));
[3.321s]       |                                                                                                                                        [01;31m[K^~~~~~~~~~~~~[m[K
[3.854s] gmake[2]: *** [CMakeFiles/publisher_cpp.dir/build.make:76: CMakeFiles/publisher_cpp.dir/src/publisher_cpp.cpp.o] Error 1
[3.854s] gmake[1]: *** [CMakeFiles/Makefile2:169: CMakeFiles/publisher_cpp.dir/all] Error 2
[3.854s] gmake: *** [Makefile:146: all] Error 2
[3.858s] Invoked command in '/home/fra/ros2_ws/build/cpp_pkg' returned '2': CMAKE_PREFIX_PATH=/home/fra/ros2_ws/install/custom_interface:/home/fra/ros2_ws/install/cpp_pkg:/home/fra/ros2_ws/install/python_pkg:/opt/ros/humble /usr/bin/cmake --build /home/fra/ros2_ws/build/cpp_pkg -- -j12 -l12
