[0.017s] Invoking command in '/home/fra/ros2_ws/build/cpp_pkg': CMAKE_PREFIX_PATH=/home/fra/ros2_ws/install/custom_interface:/home/fra/ros2_ws/install/cpp_pkg:/home/fra/ros2_ws/install/python_pkg:/opt/ros/humble /usr/bin/cmake --build /home/fra/ros2_ws/build/cpp_pkg -- -j12 -l12
[0.088s] [35m[1mConsolidate compiler generated dependencies of target publisher_cpp[0m
[0.120s] [ 25%] Built target node_cpp
[0.120s] [ 50%] Built target server_cpp
[0.120s] [ 62%] [32mBuilding CXX object CMakeFiles/publisher_cpp.dir/src/publisher_cpp.cpp.o[0m
[0.122s] [ 87%] Built target subscriber_cpp
[2.771s] [01m[K/home/fra/ros2_ws/src/cpp_pkg/src/publisher_cpp.cpp:[m[K In constructor â€˜[01m[KNumberPublisher::NumberPublisher()[m[Kâ€™:
[2.772s] [01m[K/home/fra/ros2_ws/src/cpp_pkg/src/publisher_cpp.cpp:8:5:[m[K [01;31m[Kerror: [m[Kexpected identifier before â€˜[01m[K{[m[Kâ€™ token
[2.772s]     8 |     [01;31m[K{[m[K
[2.772s]       |     [01;31m[K^[m[K
[2.774s] [01m[K/home/fra/ros2_ws/src/cpp_pkg/src/publisher_cpp.cpp:17:77:[m[K [01;31m[Kerror: [m[Kâ€˜[01m[KpublishNumber[m[Kâ€™ is not a member of â€˜[01m[KNumberPublisher[m[Kâ€™
[2.774s]    17 |                                                 std::bind(&NumberPublisher::[01;31m[KpublishNumber[m[K, this));
[2.775s]       |                                                                             [01;31m[K^~~~~~~~~~~~~[m[K
[3.551s] gmake[2]: *** [CMakeFiles/publisher_cpp.dir/build.make:76: CMakeFiles/publisher_cpp.dir/src/publisher_cpp.cpp.o] Error 1
[3.552s] gmake[1]: *** [CMakeFiles/Makefile2:169: CMakeFiles/publisher_cpp.dir/all] Error 2
[3.553s] gmake: *** [Makefile:146: all] Error 2
[3.554s] Invoked command in '/home/fra/ros2_ws/build/cpp_pkg' returned '2': CMAKE_PREFIX_PATH=/home/fra/ros2_ws/install/custom_interface:/home/fra/ros2_ws/install/cpp_pkg:/home/fra/ros2_ws/install/python_pkg:/opt/ros/humble /usr/bin/cmake --build /home/fra/ros2_ws/build/cpp_pkg -- -j12 -l12
